<?xml version="1.0" encoding="UTF-8"?>
<testsuite name="runners.SmokeTestRunners" time="104.206" tests="16" errors="0" skipped="0" failures="0">
  <properties>
[...]
</properties>
  <testcase name="System should authorize user with VALID credentials #1" classname="Login functionality" time="10.712"/>
  <testcase name="System should authorize user with VALID credentials #2" classname="Login functionality" time="4.755"/>
  <testcase name="System should authorize user with VALID credentials #3" classname="Login functionality" time="5.384"/>
  <testcase name="System shouldn&apos;t authorize user with INVALID credentials #1" classname="Login functionality" time="5.425"/>
  <testcase name="System shouldn&apos;t authorize user with INVALID credentials #2" classname="Login functionality" time="4.436"/>
  <testcase name="System shouldn&apos;t authorize user with INVALID credentials #3" classname="Login functionality" time="4.689"/>
  <testcase name="System shouldn&apos;t authorize user with INVALID credentials #4" classname="Login functionality" time="4.97"/>
  <testcase name="System shouldn&apos;t authorize user with INVALID credentials #5" classname="Login functionality" time="5.34"/>
  <testcase name="System should not authorize user if one or both entry fields is empty #1" classname="Login functionality" time="7.061"/>
  <testcase name="System should not authorize user if one or both entry fields is empty #2" classname="Login functionality" time="6.843"/>
  <testcase name="System should not authorize user if one or both entry fields is empty #3" classname="Login functionality" time="6.303"/>
  <testcase name="All components decribed in User Story should be present on page" classname="Login functionality" time="4.725"/>
  <testcase name="RC-30 Verify user see result after searching with valid credential" classname="RC-6 Search Functionality" time="6.423"/>
  <testcase name="RC-34 Verify user see empty page after searching with invalid credential (empty inputs)" classname="RC-6 Search Functionality" time="5.592"/>
  <testcase name="RC-35 Verification that search functionality elements located according requirements" classname="RC-6 Search Functionality" time="5.409"/>
  <testcase name="RC-33 Verify if user sees empty page after searching with credentials that does not exist in table" classname="RC-6 Search Functionality" time="16.139"/>
</testsuite>